============================= test session starts =============================
platform win32 -- Python 3.14.2, pytest-9.0.2, pluggy-1.6.0
rootdir: C:\Users\Administrator\.gemini\antigravity\scratch\Root\Job_Management_System
plugins: anyio-4.12.0
collected 1 item / 1 error

=================================== ERRORS ====================================
_____________ ERROR collecting backend/tests/test_workload_api.py _____________
ImportError while importing test module 'C:\Users\Administrator\.gemini\antigravity\scratch\Root\Job_Management_System\backend\tests\test_workload_api.py'.
Hint: make sure your test modules/packages have valid Python names.
Traceback:
..\..\..\..\..\AppData\Roaming\uv\python\cpython-3.14.2-windows-x86_64-none\Lib\importlib\__init__.py:88: in import_module
    return _bootstrap._gcd_import(name[level:], package, level)
           ^^^^^^^^^^^^^^^^^^^^^^^^^^^^^^^^^^^^^^^^^^^^^^^^^^^^
backend\tests\test_workload_api.py:3: in <module>
    from backend.models import User, Institution, Department
E   ImportError: cannot import name 'Department' from 'backend.models' (C:\Users\Administrator\.gemini\antigravity\scratch\Root\Job_Management_System\backend\models.py)
============================== warnings summary ===============================
backend\database.py:25
  C:\Users\Administrator\.gemini\antigravity\scratch\Root\Job_Management_System\backend\database.py:25: MovedIn20Warning: The ``declarative_base()`` function is now available as sqlalchemy.orm.declarative_base(). (deprecated since: 2.0) (Background on SQLAlchemy 2.0 at: https://sqlalche.me/e/b8d9)
    Base = declarative_base()

backend\schemas.py:69
  C:\Users\Administrator\.gemini\antigravity\scratch\Root\Job_Management_System\backend\schemas.py:69: PydanticDeprecatedSince20: Support for class-based `config` is deprecated, use ConfigDict instead. Deprecated in Pydantic V2.0 to be removed in V3.0. See Pydantic V2 Migration Guide at https://errors.pydantic.dev/2.12/migration/
    class Institution(InstitutionBase):

backend\schemas.py:84
  C:\Users\Administrator\.gemini\antigravity\scratch\Root\Job_Management_System\backend\schemas.py:84: PydanticDeprecatedSince20: Support for class-based `config` is deprecated, use ConfigDict instead. Deprecated in Pydantic V2.0 to be removed in V3.0. See Pydantic V2 Migration Guide at https://errors.pydantic.dev/2.12/migration/
    class FinancialPerformance(FinancialPerformanceBase):

backend\schemas.py:100
  C:\Users\Administrator\.gemini\antigravity\scratch\Root\Job_Management_System\backend\schemas.py:100: PydanticDeprecatedSince20: Support for class-based `config` is deprecated, use ConfigDict instead. Deprecated in Pydantic V2.0 to be removed in V3.0. See Pydantic V2 Migration Guide at https://errors.pydantic.dev/2.12/migration/
    class OrgUnit(OrgUnitBase):

backend\schemas.py:122
  C:\Users\Administrator\.gemini\antigravity\scratch\Root\Job_Management_System\backend\schemas.py:122: PydanticDeprecatedSince20: Support for class-based `config` is deprecated, use ConfigDict instead. Deprecated in Pydantic V2.0 to be removed in V3.0. See Pydantic V2 Migration Guide at https://errors.pydantic.dev/2.12/migration/
    class User(UserBase):

backend\schemas.py:137
  C:\Users\Administrator\.gemini\antigravity\scratch\Root\Job_Management_System\backend\schemas.py:137: PydanticDeprecatedSince20: Support for class-based `config` is deprecated, use ConfigDict instead. Deprecated in Pydantic V2.0 to be removed in V3.0. See Pydantic V2 Migration Guide at https://errors.pydantic.dev/2.12/migration/
    class JobGroup(JobGroupBase):

backend\schemas.py:150
  C:\Users\Administrator\.gemini\antigravity\scratch\Root\Job_Management_System\backend\schemas.py:150: PydanticDeprecatedSince20: Support for class-based `config` is deprecated, use ConfigDict instead. Deprecated in Pydantic V2.0 to be removed in V3.0. See Pydantic V2 Migration Guide at https://errors.pydantic.dev/2.12/migration/
    class JobSeries(JobSeriesBase):

backend\schemas.py:164
  C:\Users\Administrator\.gemini\antigravity\scratch\Root\Job_Management_System\backend\schemas.py:164: PydanticDeprecatedSince20: Support for class-based `config` is deprecated, use ConfigDict instead. Deprecated in Pydantic V2.0 to be removed in V3.0. See Pydantic V2 Migration Guide at https://errors.pydantic.dev/2.12/migration/
    class JobPosition(JobPositionBase):

backend\schemas.py:179
  C:\Users\Administrator\.gemini\antigravity\scratch\Root\Job_Management_System\backend\schemas.py:179: PydanticDeprecatedSince20: Support for class-based `config` is deprecated, use ConfigDict instead. Deprecated in Pydantic V2.0 to be removed in V3.0. See Pydantic V2 Migration Guide at https://errors.pydantic.dev/2.12/migration/
    class SimulationScenario(SimulationScenarioBase):

backend\schemas.py:204
  C:\Users\Administrator\.gemini\antigravity\scratch\Root\Job_Management_System\backend\schemas.py:204: PydanticDeprecatedSince20: Support for class-based `config` is deprecated, use ConfigDict instead. Deprecated in Pydantic V2.0 to be removed in V3.0. See Pydantic V2 Migration Guide at https://errors.pydantic.dev/2.12/migration/
    class JobTask(JobTaskBase):

backend\schemas.py:219
  C:\Users\Administrator\.gemini\antigravity\scratch\Root\Job_Management_System\backend\schemas.py:219: PydanticDeprecatedSince20: Support for class-based `config` is deprecated, use ConfigDict instead. Deprecated in Pydantic V2.0 to be removed in V3.0. See Pydantic V2 Migration Guide at https://errors.pydantic.dev/2.12/migration/
    class Competency(CompetencyBase):

backend\schemas.py:232
  C:\Users\Administrator\.gemini\antigravity\scratch\Root\Job_Management_System\backend\schemas.py:232: PydanticDeprecatedSince20: Support for class-based `config` is deprecated, use ConfigDict instead. Deprecated in Pydantic V2.0 to be removed in V3.0. See Pydantic V2 Migration Guide at https://errors.pydantic.dev/2.12/migration/
    class JobCompetency(JobCompetencyBase):

backend\schemas.py:247
  C:\Users\Administrator\.gemini\antigravity\scratch\Root\Job_Management_System\backend\schemas.py:247: PydanticDeprecatedSince20: Support for class-based `config` is deprecated, use ConfigDict instead. Deprecated in Pydantic V2.0 to be removed in V3.0. See Pydantic V2 Migration Guide at https://errors.pydantic.dev/2.12/migration/
    class UserCompetency(UserCompetencyBase):

backend\schemas.py:266
  C:\Users\Administrator\.gemini\antigravity\scratch\Root\Job_Management_System\backend\schemas.py:266: PydanticDeprecatedSince20: Support for class-based `config` is deprecated, use ConfigDict instead. Deprecated in Pydantic V2.0 to be removed in V3.0. See Pydantic V2 Migration Guide at https://errors.pydantic.dev/2.12/migration/
    class SurveyPeriod(SurveyPeriodBase):

backend\schemas.py:282
  C:\Users\Administrator\.gemini\antigravity\scratch\Root\Job_Management_System\backend\schemas.py:282: PydanticDeprecatedSince20: Support for class-based `config` is deprecated, use ConfigDict instead. Deprecated in Pydantic V2.0 to be removed in V3.0. See Pydantic V2 Migration Guide at https://errors.pydantic.dev/2.12/migration/
    class WorkloadEntry(WorkloadEntryBase):

backend\schemas.py:301
  C:\Users\Administrator\.gemini\antigravity\scratch\Root\Job_Management_System\backend\schemas.py:301: PydanticDeprecatedSince20: Support for class-based `config` is deprecated, use ConfigDict instead. Deprecated in Pydantic V2.0 to be removed in V3.0. See Pydantic V2 Migration Guide at https://errors.pydantic.dev/2.12/migration/
    class HeadcountPlan(HeadcountPlanBase):

backend\schemas.py:319
  C:\Users\Administrator\.gemini\antigravity\scratch\Root\Job_Management_System\backend\schemas.py:319: PydanticDeprecatedSince20: Support for class-based `config` is deprecated, use ConfigDict instead. Deprecated in Pydantic V2.0 to be removed in V3.0. See Pydantic V2 Migration Guide at https://errors.pydantic.dev/2.12/migration/
    class JobEvaluation(JobEvaluationBase):

backend\schemas.py:339
  C:\Users\Administrator\.gemini\antigravity\scratch\Root\Job_Management_System\backend\schemas.py:339: PydanticDeprecatedSince20: Support for class-based `config` is deprecated, use ConfigDict instead. Deprecated in Pydantic V2.0 to be removed in V3.0. See Pydantic V2 Migration Guide at https://errors.pydantic.dev/2.12/migration/
    class PerformanceReview(PerformanceReviewBase):

backend\schemas.py:358
  C:\Users\Administrator\.gemini\antigravity\scratch\Root\Job_Management_System\backend\schemas.py:358: PydanticDeprecatedSince20: Support for class-based `config` is deprecated, use ConfigDict instead. Deprecated in Pydantic V2.0 to be removed in V3.0. See Pydantic V2 Migration Guide at https://errors.pydantic.dev/2.12/migration/
    class PromotionList(PromotionListBase):

backend\schemas.py:373
  C:\Users\Administrator\.gemini\antigravity\scratch\Root\Job_Management_System\backend\schemas.py:373: PydanticDeprecatedSince20: Support for class-based `config` is deprecated, use ConfigDict instead. Deprecated in Pydantic V2.0 to be removed in V3.0. See Pydantic V2 Migration Guide at https://errors.pydantic.dev/2.12/migration/
    class TaskDependency(TaskDependencyBase):

backend\schemas.py:428
  C:\Users\Administrator\.gemini\antigravity\scratch\Root\Job_Management_System\backend\schemas.py:428: PydanticDeprecatedSince20: Support for class-based `config` is deprecated, use ConfigDict instead. Deprecated in Pydantic V2.0 to be removed in V3.0. See Pydantic V2 Migration Guide at https://errors.pydantic.dev/2.12/migration/
    class WorkItem(WorkItemBase):

backend\schemas.py:445
  C:\Users\Administrator\.gemini\antigravity\scratch\Root\Job_Management_System\backend\schemas.py:445: PydanticDeprecatedSince20: Support for class-based `config` is deprecated, use ConfigDict instead. Deprecated in Pydantic V2.0 to be removed in V3.0. See Pydantic V2 Migration Guide at https://errors.pydantic.dev/2.12/migration/
    class StrategicAnalysis(StrategicAnalysisBase):

backend\schemas.py:465
  C:\Users\Administrator\.gemini\antigravity\scratch\Root\Job_Management_System\backend\schemas.py:465: PydanticDeprecatedSince20: Support for class-based `config` is deprecated, use ConfigDict instead. Deprecated in Pydantic V2.0 to be removed in V3.0. See Pydantic V2 Migration Guide at https://errors.pydantic.dev/2.12/migration/
    class JobEvaluationScore(JobEvaluationScoreBase):

backend\schemas.py:482
  C:\Users\Administrator\.gemini\antigravity\scratch\Root\Job_Management_System\backend\schemas.py:482: PydanticDeprecatedSince20: Support for class-based `config` is deprecated, use ConfigDict instead. Deprecated in Pydantic V2.0 to be removed in V3.0. See Pydantic V2 Migration Guide at https://errors.pydantic.dev/2.12/migration/
    class JobEvaluation(JobEvaluationBase):

backend\schemas.py:514
  C:\Users\Administrator\.gemini\antigravity\scratch\Root\Job_Management_System\backend\schemas.py:514: PydanticDeprecatedSince20: Support for class-based `config` is deprecated, use ConfigDict instead. Deprecated in Pydantic V2.0 to be removed in V3.0. See Pydantic V2 Migration Guide at https://errors.pydantic.dev/2.12/migration/
    class PerformanceGoal(PerformanceGoalBase):

backend\schemas.py:546
  C:\Users\Administrator\.gemini\antigravity\scratch\Root\Job_Management_System\backend\schemas.py:546: PydanticDeprecatedSince20: Support for class-based `config` is deprecated, use ConfigDict instead. Deprecated in Pydantic V2.0 to be removed in V3.0. See Pydantic V2 Migration Guide at https://errors.pydantic.dev/2.12/migration/
    class PerformanceReview(PerformanceReviewBase):

backend\schemas.py:578
  C:\Users\Administrator\.gemini\antigravity\scratch\Root\Job_Management_System\backend\schemas.py:578: PydanticDeprecatedSince20: Support for class-based `config` is deprecated, use ConfigDict instead. Deprecated in Pydantic V2.0 to be removed in V3.0. See Pydantic V2 Migration Guide at https://errors.pydantic.dev/2.12/migration/
    class TrainingProgram(TrainingProgramBase):

backend\schemas.py:599
  C:\Users\Administrator\.gemini\antigravity\scratch\Root\Job_Management_System\backend\schemas.py:599: PydanticDeprecatedSince20: Support for class-based `config` is deprecated, use ConfigDict instead. Deprecated in Pydantic V2.0 to be removed in V3.0. See Pydantic V2 Migration Guide at https://errors.pydantic.dev/2.12/migration/
    class EmployeeTraining(EmployeeTrainingBase):

backend\schemas.py:620
  C:\Users\Administrator\.gemini\antigravity\scratch\Root\Job_Management_System\backend\schemas.py:620: PydanticDeprecatedSince20: Support for class-based `config` is deprecated, use ConfigDict instead. Deprecated in Pydantic V2.0 to be removed in V3.0. See Pydantic V2 Migration Guide at https://errors.pydantic.dev/2.12/migration/
    class PromotionList(PromotionListBase):

-- Docs: https://docs.pytest.org/en/stable/how-to/capture-warnings.html
=========================== short test summary info ===========================
ERROR backend/tests/test_workload_api.py
!!!!!!!!!!!!!!!!!!! Interrupted: 1 error during collection !!!!!!!!!!!!!!!!!!!!
======================== 29 warnings, 1 error in 0.14s ========================
